\BOOKMARK [0][-]{chapter*.2}{\376\377\000S\000t\000r\000e\000s\000z\000c\000z\000e\000n\000i\000e}{}% 1
\BOOKMARK [0][-]{chapter.1}{\376\377\000W\000s\000t\001\031\000p}{}% 2
\BOOKMARK [0][-]{chapter.2}{\376\377\000P\000r\000z\000e\000d\000m\000i\000o\000t\000\040\000b\000a\000d\000a\000n\000i\000a}{}% 3
\BOOKMARK [1][-]{section.2.1}{\376\377\000C\000e\000l\000\040\000i\000\040\000z\000a\000k\000r\000e\000s\000\040\000b\000a\000d\000a\000n\000i\000a}{chapter.2}% 4
\BOOKMARK [1][-]{section.2.2}{\376\377\000W\000s\000t\001\031\000p\000n\000a\000\040\000a\000n\000a\000l\000i\000z\000a\000\040\000d\000a\000n\000y\000c\000h}{chapter.2}% 5
\BOOKMARK [2][-]{subsection.2.2.1}{\376\377\000Z\000m\000i\000e\000n\000n\000e\000\040\000w\000y\000b\000r\000a\000n\000e\000\040\000d\000o\000\040\000a\000n\000a\000l\000i\000z\000y}{section.2.2}% 6
\BOOKMARK [2][-]{subsection.2.2.2}{\376\377\000S\000t\000a\000t\000y\000s\000t\000y\000k\000i\000\040\000o\000p\000i\000s\000o\000w\000e\000\040\000i\000\040\000p\000o\000d\000s\000t\000a\000w\000o\000w\000a\000\040\000w\000i\000z\000u\000a\000l\000i\000z\000a\000c\000j\000a}{section.2.2}% 7
\BOOKMARK [2][-]{subsection.2.2.3}{\376\377\000T\000r\000a\000n\000s\000f\000o\000r\000m\000a\000c\000j\000e\000\040\000D\000a\000n\000y\000c\000h}{section.2.2}% 8
\BOOKMARK [2][-]{subsection.2.2.4}{\376\377\000B\000r\000a\000k\000i\000\040\000D\000a\000n\000y\000c\000h}{section.2.2}% 9
\BOOKMARK [2][-]{subsection.2.2.5}{\376\377\000O\000b\000s\000e\000r\000w\000a\000c\000j\000e\000\040\000o\000d\000s\000t\000a\000j\001\005\000c\000e}{section.2.2}% 10
\BOOKMARK [0][-]{chapter.3}{\376\377\000O\000p\000i\000s\000\040\000m\000e\000t\000o\000d}{}% 11
\BOOKMARK [1][-]{section.3.1}{\376\377\000M\000e\000t\000o\000d\000a\0001}{chapter.3}% 12
\BOOKMARK [1][-]{section.3.2}{\376\377\000M\000e\000t\000o\000d\000a\0002}{chapter.3}% 13
\BOOKMARK [1][-]{section.3.3}{\376\377\000M\000e\000t\000o\000d\000a\0003}{chapter.3}% 14
\BOOKMARK [1][-]{section.3.4}{\376\377\000M\000o\000d\000e\000l\000\040\000h\000y\000b\000r\000y\000d\000o\000w\000y}{chapter.3}% 15
\BOOKMARK [1][-]{section.3.5}{\376\377\000L\000i\000t\000e\000r\000a\000t\000u\000r\000a\000\040\000p\000r\000z\000e\000d\000m\000i\000o\000t\000u}{chapter.3}% 16
\BOOKMARK [1][-]{section.3.6}{\376\377\000P\000r\000z\000e\000g\000l\001\005\000d\000\040\000l\000i\000t\000e\000r\000a\000t\000u\000r\000y\000\040\000d\000o\000t\000y\000c\000z\001\005\000c\000e\000j\000\040\000m\000e\000t\000o\000d}{chapter.3}% 17
\BOOKMARK [0][-]{chapter.4}{\376\377\000W\000y\000n\000i\000k\000i}{}% 18
\BOOKMARK [1][-]{section.4.1}{\376\377\000M\000i\000e\000r\000n\000i\000k\000i}{chapter.4}% 19
\BOOKMARK [1][-]{section.4.2}{\376\377\000S\000p\000o\000s\000\363\000b\000\040\000w\000a\000l\000i\000d\000a\000c\000j\000i}{chapter.4}% 20
\BOOKMARK [0][-]{chapter.5}{\376\377\000P\000r\000z\000y\000k\001\102\000a\000d\000\040\000u\001\174\000y\000c\000i\000a\000\040\000m\000o\000d\000e\000l\000i\000\040\000n\000a\000\040\000s\000t\000w\000o\000r\000z\000o\000n\000y\000c\000h\000\040\000s\000z\000t\000u\000c\000z\000n\000i\000e\000\040\000o\000b\000s\000e\000r\000w\000a\000c\000j\000a\000c\000h}{}% 21
